[27-Sep-2025 04:35:39 UTC] PHP Warning:  Undefined array key "updated_at" in /home/u966125597/domains/cosmictrd.io/public_html/app/query.php on line 130
[27-Sep-2025 04:39:41 UTC] PHP Warning:  Undefined array key "updated_at" in /home/u966125597/domains/cosmictrd.io/public_html/app/query.php on line 130
[27-Sep-2025 04:39:57 UTC] PHP Warning:  Undefined array key "updated_at" in /home/u966125597/domains/cosmictrd.io/public_html/app/query.php on line 130
[27-Sep-2025 04:40:08 UTC] PHP Warning:  Undefined array key "updated_at" in /home/u966125597/domains/cosmictrd.io/public_html/app/query.php on line 130
[27-Sep-2025 04:40:23 UTC] PHP Warning:  Undefined array key "updated_at" in /home/u966125597/domains/cosmictrd.io/public_html/app/query.php on line 130
[27-Sep-2025 10:15:47 UTC] PHP Warning:  Undefined array key "updated_at" in /home/u966125597/domains/cosmictrd.io/public_html/app/query.php on line 130
[27-Sep-2025 12:00:23 UTC] create_query insert error: SQLSTATE[23000]: Integrity constraint violation: 1062 Duplicate entry 'Q250927-00006' for key 'query_code'
[27-Sep-2025 12:09:23 UTC] create_query insert error: SQLSTATE[23000]: Integrity constraint violation: 1062 Duplicate entry 'Q250927-00006' for key 'query_code'
[27-Sep-2025 12:11:54 UTC] create_query insert error: SQLSTATE[23000]: Integrity constraint violation: 1062 Duplicate entry 'Q250927-00006' for key 'query_code'
[27-Sep-2025 12:12:27 UTC] create_query insert error: SQLSTATE[23000]: Integrity constraint violation: 1062 Duplicate entry 'Q250927-00006' for key 'query_code'
[29-Sep-2025 16:21:54 UTC] PHP Fatal error:  Uncaught PDOException: SQLSTATE[42S02]: Base table or view not found: 1146 Table 'u966125597_cosmictrd.teams' doesn't exist in /home/u966125597/domains/cosmictrd.io/public_html/api/supervisor_dashboard_data.php:32
Stack trace:
#0 /home/u966125597/domains/cosmictrd.io/public_html/api/supervisor_dashboard_data.php(32): PDOStatement->execute()
#1 {main}
  thrown in /home/u966125597/domains/cosmictrd.io/public_html/api/supervisor_dashboard_data.php on line 32
[29-Sep-2025 16:22:54 UTC] PHP Fatal error:  Uncaught PDOException: SQLSTATE[42S02]: Base table or view not found: 1146 Table 'u966125597_cosmictrd.teams' doesn't exist in /home/u966125597/domains/cosmictrd.io/public_html/api/supervisor_dashboard_data.php:32
Stack trace:
#0 /home/u966125597/domains/cosmictrd.io/public_html/api/supervisor_dashboard_data.php(32): PDOStatement->execute()
#1 {main}
  thrown in /home/u966125597/domains/cosmictrd.io/public_html/api/supervisor_dashboard_data.php on line 32
[01-Oct-2025 06:56:59 UTC] PHP Fatal error:  Cannot redeclare db() (previously declared in /home/u966125597/domains/cosmictrd.io/public_html/app/config.php:8) in /home/u966125597/domains/cosmictrd.io/public_html/api/lib.php on line 4
[19-Oct-2025 13:02:01 UTC] [order_details] SQLSTATE[42S22]: Column not found: 1054 Unknown column 'c.volume_cbm' in 'SELECT' @/home/u966125597/domains/cosmictrd.io/public_html/customer/order_details.php:57
[19-Oct-2025 13:03:08 UTC] [order_details] SQLSTATE[42S22]: Column not found: 1054 Unknown column 'c.volume_cbm' in 'SELECT' @/home/u966125597/domains/cosmictrd.io/public_html/customer/order_details.php:57
[19-Oct-2025 13:56:55 UTC] [order_details] SQLSTATE[42S22]: Column not found: 1054 Unknown column 'balance' in 'SELECT' @/home/u966125597/domains/cosmictrd.io/public_html/customer/order_details.php:77
[20-Oct-2025 18:02:58 UTC] [order_details] SQLSTATE[HY000] [2002] Resource temporarily unavailable @/home/u966125597/domains/cosmictrd.io/public_html/api/lib.php:8
[22-Oct-2025 11:23:28 UTC] PHP Warning:  Undefined variable $order_id in /home/u966125597/domains/cosmictrd.io/public_html/customer/order_details_global.php on line 210
