[30-Sep-2025 12:52:07 UTC] POST action failed: SQLSTATE[42S22]: Column not found: 1054 Unknown column 'file_path' in 'INSERT INTO'
[30-Sep-2025 12:52:23 UTC] POST action failed: SQLSTATE[42S22]: Column not found: 1054 Unknown column 'file_path' in 'INSERT INTO'
[30-Sep-2025 12:56:55 UTC] Upload config - max_upload: 256M, max_post: 256M, max_execution: 300
[30-Sep-2025 12:56:55 UTC] Failed to save attachment to database: SQLSTATE[42S22]: Column not found: 1054 Unknown column 'file_path' in 'INSERT INTO'
[30-Sep-2025 12:56:56 UTC] Upload config - max_upload: 256M, max_post: 256M, max_execution: 300
[30-Sep-2025 12:57:19 UTC] Upload config - max_upload: 256M, max_post: 256M, max_execution: 300
[30-Sep-2025 12:57:19 UTC] Failed to save attachment to database: SQLSTATE[42S22]: Column not found: 1054 Unknown column 'file_path' in 'INSERT INTO'
[30-Sep-2025 12:57:19 UTC] Upload config - max_upload: 256M, max_post: 256M, max_execution: 300
[30-Sep-2025 16:07:45 UTC] Upload config - max_upload: 256M, max_post: 256M, max_execution: 300
[30-Sep-2025 16:07:45 UTC] Resolved PUBLIC_WEBROOT: /home/u966125597/domains/cosmictrd.io/public_html/public
[30-Sep-2025 16:08:20 UTC] Upload config - max_upload: 256M, max_post: 256M, max_execution: 300
[30-Sep-2025 16:08:20 UTC] Resolved PUBLIC_WEBROOT: /home/u966125597/domains/cosmictrd.io/public_html/public
[30-Sep-2025 16:08:20 UTC] Failed to save attachment to database: SQLSTATE[42S22]: Column not found: 1054 Unknown column 'file_path' in 'INSERT INTO'
[30-Sep-2025 16:08:20 UTC] Upload config - max_upload: 256M, max_post: 256M, max_execution: 300
[30-Sep-2025 16:08:20 UTC] Resolved PUBLIC_WEBROOT: /home/u966125597/domains/cosmictrd.io/public_html/public
[30-Sep-2025 16:12:59 UTC] Upload config - max_upload: 256M, max_post: 256M, max_execution: 300
[30-Sep-2025 16:12:59 UTC] Resolved PUBLIC_WEBROOT: /home/u966125597/domains/cosmictrd.io/public_html/public
[30-Sep-2025 16:13:00 UTC] Upload config - max_upload: 256M, max_post: 256M, max_execution: 300
[30-Sep-2025 16:13:00 UTC] Resolved PUBLIC_WEBROOT: /home/u966125597/domains/cosmictrd.io/public_html/public
[30-Sep-2025 16:13:11 UTC] Upload config - max_upload: 256M, max_post: 256M, max_execution: 300
[30-Sep-2025 16:13:11 UTC] Resolved PUBLIC_WEBROOT: /home/u966125597/domains/cosmictrd.io/public_html/public
[30-Sep-2025 16:13:12 UTC] Upload config - max_upload: 256M, max_post: 256M, max_execution: 300
[30-Sep-2025 16:13:12 UTC] Resolved PUBLIC_WEBROOT: /home/u966125597/domains/cosmictrd.io/public_html/public
[30-Sep-2025 16:13:14 UTC] Upload config - max_upload: 256M, max_post: 256M, max_execution: 300
[30-Sep-2025 16:13:14 UTC] Resolved PUBLIC_WEBROOT: /home/u966125597/domains/cosmictrd.io/public_html/public
[30-Sep-2025 16:13:15 UTC] Upload config - max_upload: 256M, max_post: 256M, max_execution: 300
[30-Sep-2025 16:13:15 UTC] Resolved PUBLIC_WEBROOT: /home/u966125597/domains/cosmictrd.io/public_html/public
[30-Sep-2025 16:21:35 UTC] Upload config - max_upload: 256M, max_post: 256M, max_execution: 300
[30-Sep-2025 16:21:35 UTC] Resolved PUBLIC_WEBROOT: /home/u966125597/domains/cosmictrd.io/public_html/public | PUBLIC_URL_PREFIX: /public
[30-Sep-2025 16:22:17 UTC] Upload config - max_upload: 256M, max_post: 256M, max_execution: 300
[30-Sep-2025 16:22:17 UTC] Resolved PUBLIC_WEBROOT: /home/u966125597/domains/cosmictrd.io/public_html/public | PUBLIC_URL_PREFIX: /public
[30-Sep-2025 16:22:17 UTC] Failed to save attachment to database: SQLSTATE[42S22]: Column not found: 1054 Unknown column 'file_path' in 'INSERT INTO'
[30-Sep-2025 16:22:18 UTC] Upload config - max_upload: 256M, max_post: 256M, max_execution: 300
[30-Sep-2025 16:22:18 UTC] Resolved PUBLIC_WEBROOT: /home/u966125597/domains/cosmictrd.io/public_html/public | PUBLIC_URL_PREFIX: /public
[30-Sep-2025 17:06:11 UTC] Upload config - max_upload: 256M, max_post: 256M, max_execution: 300
[30-Sep-2025 17:06:11 UTC] Resolved PUBLIC_WEBROOT: /home/u966125597/domains/cosmictrd.io/public_html/public | PUBLIC_URL_PREFIX: /public
[30-Sep-2025 17:06:16 UTC] Upload config - max_upload: 256M, max_post: 256M, max_execution: 300
[30-Sep-2025 17:06:16 UTC] Resolved PUBLIC_WEBROOT: /home/u966125597/domains/cosmictrd.io/public_html/public | PUBLIC_URL_PREFIX: /public
[30-Sep-2025 17:06:24 UTC] Upload config - max_upload: 256M, max_post: 256M, max_execution: 300
[30-Sep-2025 17:06:24 UTC] Resolved PUBLIC_WEBROOT: /home/u966125597/domains/cosmictrd.io/public_html/public | PUBLIC_URL_PREFIX: /public
[30-Sep-2025 17:06:24 UTC] Upload config - max_upload: 256M, max_post: 256M, max_execution: 300
[30-Sep-2025 17:06:24 UTC] Resolved PUBLIC_WEBROOT: /home/u966125597/domains/cosmictrd.io/public_html/public | PUBLIC_URL_PREFIX: /public
[30-Sep-2025 17:06:35 UTC] Upload config - max_upload: 256M, max_post: 256M, max_execution: 300
[30-Sep-2025 17:06:35 UTC] Resolved PUBLIC_WEBROOT: /home/u966125597/domains/cosmictrd.io/public_html/public | PUBLIC_URL_PREFIX: /public
[01-Oct-2025 07:00:14 UTC] PHP Fatal error:  Cannot redeclare db() (previously declared in /home/u966125597/domains/cosmictrd.io/public_html/app/config.php:8) in /home/u966125597/domains/cosmictrd.io/public_html/api/lib.php on line 4
[01-Oct-2025 07:00:42 UTC] PHP Fatal error:  Cannot redeclare db() (previously declared in /home/u966125597/domains/cosmictrd.io/public_html/app/config.php:8) in /home/u966125597/domains/cosmictrd.io/public_html/api/lib.php on line 4
[01-Oct-2025 07:55:54 UTC] Upload config - max_upload: 256M, max_post: 256M, max_execution: 300
[01-Oct-2025 07:55:54 UTC] Resolved PUBLIC_WEBROOT: /home/u966125597/domains/cosmictrd.io/public_html/public | PUBLIC_URL_PREFIX: /public
[01-Oct-2025 07:56:06 UTC] Upload config - max_upload: 256M, max_post: 256M, max_execution: 300
[01-Oct-2025 07:56:06 UTC] Resolved PUBLIC_WEBROOT: /home/u966125597/domains/cosmictrd.io/public_html/public | PUBLIC_URL_PREFIX: /public
[01-Oct-2025 07:56:06 UTC] Upload config - max_upload: 256M, max_post: 256M, max_execution: 300
[01-Oct-2025 07:56:06 UTC] Resolved PUBLIC_WEBROOT: /home/u966125597/domains/cosmictrd.io/public_html/public | PUBLIC_URL_PREFIX: /public
[01-Oct-2025 07:56:08 UTC] Upload config - max_upload: 256M, max_post: 256M, max_execution: 300
[01-Oct-2025 07:56:08 UTC] Resolved PUBLIC_WEBROOT: /home/u966125597/domains/cosmictrd.io/public_html/public | PUBLIC_URL_PREFIX: /public
[01-Oct-2025 07:56:13 UTC] Upload config - max_upload: 256M, max_post: 256M, max_execution: 300
[01-Oct-2025 07:56:13 UTC] Resolved PUBLIC_WEBROOT: /home/u966125597/domains/cosmictrd.io/public_html/public | PUBLIC_URL_PREFIX: /public
[02-Oct-2025 10:46:25 UTC] Upload config - max_upload: 256M, max_post: 256M, max_execution: 300
[02-Oct-2025 10:46:25 UTC] Resolved PUBLIC_WEBROOT: /home/u966125597/domains/cosmictrd.io/public_html/public | PUBLIC_URL_PREFIX: /public
[02-Oct-2025 11:14:14 UTC] Upload config - max_upload: 256M, max_post: 256M, max_execution: 300
[02-Oct-2025 11:14:14 UTC] Resolved PUBLIC_WEBROOT: /home/u966125597/domains/cosmictrd.io/public_html/public | PUBLIC_URL_PREFIX: /public
[02-Oct-2025 11:17:22 UTC] Upload config - max_upload: 256M, max_post: 256M, max_execution: 300
[02-Oct-2025 11:17:22 UTC] Resolved PUBLIC_WEBROOT: /home/u966125597/domains/cosmictrd.io/public_html/public | PUBLIC_URL_PREFIX: /public
[02-Oct-2025 11:17:22 UTC] Upload config - max_upload: 256M, max_post: 256M, max_execution: 300
[02-Oct-2025 11:17:22 UTC] Resolved PUBLIC_WEBROOT: /home/u966125597/domains/cosmictrd.io/public_html/public | PUBLIC_URL_PREFIX: /public
[02-Oct-2025 11:21:47 UTC] Upload config - max_upload: 256M, max_post: 256M, max_execution: 300
[02-Oct-2025 11:21:47 UTC] Resolved PUBLIC_WEBROOT: /home/u966125597/domains/cosmictrd.io/public_html/public | PUBLIC_URL_PREFIX: /public
[02-Oct-2025 11:21:51 UTC] Upload config - max_upload: 256M, max_post: 256M, max_execution: 300
[02-Oct-2025 11:21:51 UTC] Resolved PUBLIC_WEBROOT: /home/u966125597/domains/cosmictrd.io/public_html/public | PUBLIC_URL_PREFIX: /public
[02-Oct-2025 11:33:19 UTC] PHP Warning:  Undefined array key "url" in /home/u966125597/domains/cosmictrd.io/public_html/app/team_supervisor_review.php on line 501
[02-Oct-2025 11:33:27 UTC] PHP Warning:  Undefined array key "url" in /home/u966125597/domains/cosmictrd.io/public_html/app/team_supervisor_review.php on line 501
[02-Oct-2025 11:51:37 UTC] Upload config - max_upload: 256M, max_post: 256M, max_execution: 300
[02-Oct-2025 11:51:37 UTC] Resolved PUBLIC_WEBROOT: /home/u966125597/domains/cosmictrd.io/public_html/public | PUBLIC_URL_PREFIX: /public
[02-Oct-2025 11:51:39 UTC] Upload config - max_upload: 256M, max_post: 256M, max_execution: 300
[02-Oct-2025 11:51:39 UTC] Resolved PUBLIC_WEBROOT: /home/u966125597/domains/cosmictrd.io/public_html/public | PUBLIC_URL_PREFIX: /public
[02-Oct-2025 11:51:45 UTC] Upload config - max_upload: 256M, max_post: 256M, max_execution: 300
[02-Oct-2025 11:51:45 UTC] Resolved PUBLIC_WEBROOT: /home/u966125597/domains/cosmictrd.io/public_html/public | PUBLIC_URL_PREFIX: /public
[02-Oct-2025 11:52:13 UTC] PHP Warning:  Undefined array key "url" in /home/u966125597/domains/cosmictrd.io/public_html/app/team_supervisor_review.php on line 501
[02-Oct-2025 11:52:14 UTC] PHP Warning:  Undefined array key "url" in /home/u966125597/domains/cosmictrd.io/public_html/app/team_supervisor_review.php on line 501
[02-Oct-2025 11:59:31 UTC] Upload config - max_upload: 256M, max_post: 256M, max_execution: 300
[02-Oct-2025 11:59:31 UTC] Resolved PUBLIC_WEBROOT: /home/u966125597/domains/cosmictrd.io/public_html/public | PUBLIC_URL_PREFIX: /public
[02-Oct-2025 12:00:18 UTC] Upload config - max_upload: 256M, max_post: 256M, max_execution: 300
[02-Oct-2025 12:00:18 UTC] Resolved PUBLIC_WEBROOT: /home/u966125597/domains/cosmictrd.io/public_html/public | PUBLIC_URL_PREFIX: /public
[02-Oct-2025 12:00:18 UTC] Upload config - max_upload: 256M, max_post: 256M, max_execution: 300
[02-Oct-2025 12:00:18 UTC] Resolved PUBLIC_WEBROOT: /home/u966125597/domains/cosmictrd.io/public_html/public | PUBLIC_URL_PREFIX: /public
[02-Oct-2025 12:01:16 UTC] Upload config - max_upload: 256M, max_post: 256M, max_execution: 300
[02-Oct-2025 12:01:16 UTC] Resolved PUBLIC_WEBROOT: /home/u966125597/domains/cosmictrd.io/public_html/public | PUBLIC_URL_PREFIX: /public
[02-Oct-2025 12:12:07 UTC] Upload config - max_upload: 256M, max_post: 256M, max_execution: 300
[02-Oct-2025 12:12:07 UTC] Resolved PUBLIC_WEBROOT: /home/u966125597/domains/cosmictrd.io/public_html/public | PUBLIC_URL_PREFIX: /public
[02-Oct-2025 12:27:59 UTC] Upload config - max_upload: 256M, max_post: 256M, max_execution: 300
[02-Oct-2025 12:27:59 UTC] Resolved PUBLIC_WEBROOT: /home/u966125597/domains/cosmictrd.io/public_html/public | PUBLIC_URL_PREFIX: /public
[02-Oct-2025 12:36:03 UTC] Upload config - max_upload: 256M, max_post: 256M, max_execution: 300
[02-Oct-2025 12:36:03 UTC] Resolved PUBLIC_WEBROOT: /home/u966125597/domains/cosmictrd.io/public_html/public | PUBLIC_URL_PREFIX: /public
[02-Oct-2025 12:37:16 UTC] Upload config - max_upload: 256M, max_post: 256M, max_execution: 300
[02-Oct-2025 12:37:16 UTC] Resolved PUBLIC_WEBROOT: /home/u966125597/domains/cosmictrd.io/public_html/public | PUBLIC_URL_PREFIX: /public
[02-Oct-2025 12:37:37 UTC] Upload config - max_upload: 256M, max_post: 256M, max_execution: 300
[02-Oct-2025 12:37:37 UTC] Resolved PUBLIC_WEBROOT: /home/u966125597/domains/cosmictrd.io/public_html/public | PUBLIC_URL_PREFIX: /public
[02-Oct-2025 12:37:42 UTC] Upload config - max_upload: 256M, max_post: 256M, max_execution: 300
[02-Oct-2025 12:37:42 UTC] Resolved PUBLIC_WEBROOT: /home/u966125597/domains/cosmictrd.io/public_html/public | PUBLIC_URL_PREFIX: /public
[02-Oct-2025 12:37:54 UTC] Upload config - max_upload: 256M, max_post: 256M, max_execution: 300
[02-Oct-2025 12:37:54 UTC] Resolved PUBLIC_WEBROOT: /home/u966125597/domains/cosmictrd.io/public_html/public | PUBLIC_URL_PREFIX: /public
[02-Oct-2025 12:37:54 UTC] Upload config - max_upload: 256M, max_post: 256M, max_execution: 300
[02-Oct-2025 12:37:54 UTC] Resolved PUBLIC_WEBROOT: /home/u966125597/domains/cosmictrd.io/public_html/public | PUBLIC_URL_PREFIX: /public
[02-Oct-2025 12:37:58 UTC] Upload config - max_upload: 256M, max_post: 256M, max_execution: 300
[02-Oct-2025 12:37:58 UTC] Resolved PUBLIC_WEBROOT: /home/u966125597/domains/cosmictrd.io/public_html/public | PUBLIC_URL_PREFIX: /public
[02-Oct-2025 12:38:13 UTC] PHP Warning:  Undefined array key "url" in /home/u966125597/domains/cosmictrd.io/public_html/app/team_supervisor_review.php on line 501
[02-Oct-2025 12:42:06 UTC] PHP Warning:  Undefined array key "url" in /home/u966125597/domains/cosmictrd.io/public_html/app/team_supervisor_review.php on line 501
[03-Oct-2025 04:55:06 UTC] Upload config - max_upload: 256M, max_post: 256M, max_execution: 300
[03-Oct-2025 04:55:06 UTC] Resolved PUBLIC_WEBROOT: /home/u966125597/domains/cosmictrd.io/public_html/public | PUBLIC_URL_PREFIX: /public
[03-Oct-2025 04:55:23 UTC] Upload config - max_upload: 256M, max_post: 256M, max_execution: 300
[03-Oct-2025 04:55:23 UTC] Resolved PUBLIC_WEBROOT: /home/u966125597/domains/cosmictrd.io/public_html/public | PUBLIC_URL_PREFIX: /public
[03-Oct-2025 04:55:23 UTC] Upload config - max_upload: 256M, max_post: 256M, max_execution: 300
[03-Oct-2025 04:55:23 UTC] Resolved PUBLIC_WEBROOT: /home/u966125597/domains/cosmictrd.io/public_html/public | PUBLIC_URL_PREFIX: /public
[03-Oct-2025 18:57:45 UTC] Upload config - max_upload: 256M, max_post: 256M, max_execution: 300
[03-Oct-2025 18:57:45 UTC] Resolved PUBLIC_WEBROOT: /home/u966125597/domains/cosmictrd.io/public_html/public | PUBLIC_URL_PREFIX: /public
[03-Oct-2025 18:57:48 UTC] Upload config - max_upload: 256M, max_post: 256M, max_execution: 300
[03-Oct-2025 18:57:48 UTC] Resolved PUBLIC_WEBROOT: /home/u966125597/domains/cosmictrd.io/public_html/public | PUBLIC_URL_PREFIX: /public
[05-Oct-2025 14:08:29 UTC] Upload config - max_upload: 256M, max_post: 256M, max_execution: 300
[05-Oct-2025 14:08:29 UTC] Resolved PUBLIC_WEBROOT: /home/u966125597/domains/cosmictrd.io/public_html/public | PUBLIC_URL_PREFIX: /public
[05-Oct-2025 14:08:53 UTC] Upload config - max_upload: 256M, max_post: 256M, max_execution: 300
[05-Oct-2025 14:08:53 UTC] Resolved PUBLIC_WEBROOT: /home/u966125597/domains/cosmictrd.io/public_html/public | PUBLIC_URL_PREFIX: /public
[05-Oct-2025 14:08:53 UTC] Upload config - max_upload: 256M, max_post: 256M, max_execution: 300
[05-Oct-2025 14:08:53 UTC] Resolved PUBLIC_WEBROOT: /home/u966125597/domains/cosmictrd.io/public_html/public | PUBLIC_URL_PREFIX: /public
[05-Oct-2025 14:10:34 UTC] PHP Warning:  Undefined array key "url" in /home/u966125597/domains/cosmictrd.io/public_html/app/team_supervisor_review.php on line 501
[05-Oct-2025 14:10:38 UTC] PHP Warning:  Undefined array key "url" in /home/u966125597/domains/cosmictrd.io/public_html/app/team_supervisor_review.php on line 501
[05-Oct-2025 14:16:03 UTC] Upload config - max_upload: 256M, max_post: 256M, max_execution: 300
[05-Oct-2025 14:16:03 UTC] Resolved PUBLIC_WEBROOT: /home/u966125597/domains/cosmictrd.io/public_html/public | PUBLIC_URL_PREFIX: /public
[05-Oct-2025 14:16:05 UTC] Upload config - max_upload: 256M, max_post: 256M, max_execution: 300
[05-Oct-2025 14:16:05 UTC] Resolved PUBLIC_WEBROOT: /home/u966125597/domains/cosmictrd.io/public_html/public | PUBLIC_URL_PREFIX: /public
[06-Oct-2025 13:43:18 UTC] PHP Warning:  Undefined array key "url" in /home/u966125597/domains/cosmictrd.io/public_html/app/team_supervisor_review.php on line 501
[09-Oct-2025 09:57:29 UTC] Upload config - max_upload: 256M, max_post: 256M, max_execution: 300
[09-Oct-2025 09:57:29 UTC] Resolved PUBLIC_WEBROOT: /home/u966125597/domains/cosmictrd.io/public_html/public | PUBLIC_URL_PREFIX: /public
[10-Oct-2025 13:34:39 UTC] PHP Warning:  Undefined array key "url" in /home/u966125597/domains/cosmictrd.io/public_html/app/team_supervisor_review.php on line 501
[13-Oct-2025 08:59:21 UTC] Upload config - max_upload: 256M, max_post: 256M, max_execution: 300
[13-Oct-2025 08:59:21 UTC] Resolved PUBLIC_WEBROOT: /home/u966125597/domains/cosmictrd.io/public_html/public | PUBLIC_URL_PREFIX: /public
[13-Oct-2025 09:00:29 UTC] Upload config - max_upload: 256M, max_post: 256M, max_execution: 300
[13-Oct-2025 09:00:29 UTC] Resolved PUBLIC_WEBROOT: /home/u966125597/domains/cosmictrd.io/public_html/public | PUBLIC_URL_PREFIX: /public
[13-Oct-2025 09:09:30 UTC] Upload config - max_upload: 256M, max_post: 256M, max_execution: 300
[13-Oct-2025 09:09:30 UTC] Resolved PUBLIC_WEBROOT: /home/u966125597/domains/cosmictrd.io/public_html/public | PUBLIC_URL_PREFIX: /public
[13-Oct-2025 09:09:49 UTC] Upload config - max_upload: 256M, max_post: 256M, max_execution: 300
[13-Oct-2025 09:09:49 UTC] Resolved PUBLIC_WEBROOT: /home/u966125597/domains/cosmictrd.io/public_html/public | PUBLIC_URL_PREFIX: /public
[13-Oct-2025 09:09:49 UTC] Upload config - max_upload: 256M, max_post: 256M, max_execution: 300
[13-Oct-2025 09:09:49 UTC] Resolved PUBLIC_WEBROOT: /home/u966125597/domains/cosmictrd.io/public_html/public | PUBLIC_URL_PREFIX: /public
[13-Oct-2025 09:10:27 UTC] PHP Warning:  Undefined array key "url" in /home/u966125597/domains/cosmictrd.io/public_html/app/team_supervisor_review.php on line 501
[13-Oct-2025 09:10:31 UTC] PHP Warning:  Undefined array key "url" in /home/u966125597/domains/cosmictrd.io/public_html/app/team_supervisor_review.php on line 501
[13-Oct-2025 09:11:20 UTC] PHP Warning:  Undefined array key "url" in /home/u966125597/domains/cosmictrd.io/public_html/app/team_supervisor_review.php on line 501
[19-Oct-2025 13:15:43 UTC] Upload config - max_upload: 256M, max_post: 256M, max_execution: 300
[19-Oct-2025 13:15:43 UTC] Resolved PUBLIC_WEBROOT: /home/u966125597/domains/cosmictrd.io/public_html/public | PUBLIC_URL_PREFIX: /public
[19-Oct-2025 13:20:53 UTC] Upload config - max_upload: 256M, max_post: 256M, max_execution: 300
[19-Oct-2025 13:20:53 UTC] Resolved PUBLIC_WEBROOT: /home/u966125597/domains/cosmictrd.io/public_html/public | PUBLIC_URL_PREFIX: /public
[19-Oct-2025 13:23:11 UTC] Upload config - max_upload: 256M, max_post: 256M, max_execution: 300
[19-Oct-2025 13:23:11 UTC] Resolved PUBLIC_WEBROOT: /home/u966125597/domains/cosmictrd.io/public_html/public | PUBLIC_URL_PREFIX: /public
[19-Oct-2025 13:23:11 UTC] Upload config - max_upload: 256M, max_post: 256M, max_execution: 300
[19-Oct-2025 13:23:11 UTC] Resolved PUBLIC_WEBROOT: /home/u966125597/domains/cosmictrd.io/public_html/public | PUBLIC_URL_PREFIX: /public
[19-Oct-2025 13:23:20 UTC] Upload config - max_upload: 256M, max_post: 256M, max_execution: 300
[19-Oct-2025 13:23:20 UTC] Resolved PUBLIC_WEBROOT: /home/u966125597/domains/cosmictrd.io/public_html/public | PUBLIC_URL_PREFIX: /public
[19-Oct-2025 13:23:27 UTC] Upload config - max_upload: 256M, max_post: 256M, max_execution: 300
[19-Oct-2025 13:23:27 UTC] Resolved PUBLIC_WEBROOT: /home/u966125597/domains/cosmictrd.io/public_html/public | PUBLIC_URL_PREFIX: /public
[19-Oct-2025 13:23:45 UTC] Upload config - max_upload: 256M, max_post: 256M, max_execution: 300
[19-Oct-2025 13:23:45 UTC] Resolved PUBLIC_WEBROOT: /home/u966125597/domains/cosmictrd.io/public_html/public | PUBLIC_URL_PREFIX: /public
[19-Oct-2025 13:24:07 UTC] PHP Warning:  Undefined array key "url" in /home/u966125597/domains/cosmictrd.io/public_html/app/team_supervisor_review.php on line 501
[19-Oct-2025 13:24:11 UTC] PHP Warning:  Undefined array key "url" in /home/u966125597/domains/cosmictrd.io/public_html/app/team_supervisor_review.php on line 501
[21-Oct-2025 05:58:36 UTC] Upload config - max_upload: 256M, max_post: 256M, max_execution: 300
[21-Oct-2025 05:58:36 UTC] Resolved PUBLIC_WEBROOT: /home/u966125597/domains/cosmictrd.io/public_html/public | PUBLIC_URL_PREFIX: /public
[21-Oct-2025 06:03:43 UTC] Upload config - max_upload: 256M, max_post: 256M, max_execution: 300
[21-Oct-2025 06:03:43 UTC] Resolved PUBLIC_WEBROOT: /home/u966125597/domains/cosmictrd.io/public_html/public | PUBLIC_URL_PREFIX: /public
[21-Oct-2025 06:17:07 UTC] Upload config - max_upload: 256M, max_post: 256M, max_execution: 300
[21-Oct-2025 06:17:07 UTC] Resolved PUBLIC_WEBROOT: /home/u966125597/domains/cosmictrd.io/public_html/public | PUBLIC_URL_PREFIX: /public
[21-Oct-2025 06:17:44 UTC] Upload config - max_upload: 256M, max_post: 256M, max_execution: 300
[21-Oct-2025 06:17:44 UTC] Resolved PUBLIC_WEBROOT: /home/u966125597/domains/cosmictrd.io/public_html/public | PUBLIC_URL_PREFIX: /public
[21-Oct-2025 06:17:45 UTC] Upload config - max_upload: 256M, max_post: 256M, max_execution: 300
[21-Oct-2025 06:17:45 UTC] Resolved PUBLIC_WEBROOT: /home/u966125597/domains/cosmictrd.io/public_html/public | PUBLIC_URL_PREFIX: /public
[21-Oct-2025 15:21:43 UTC] Upload config - max_upload: 256M, max_post: 256M, max_execution: 300
[21-Oct-2025 15:21:43 UTC] Resolved PUBLIC_WEBROOT: /home/u966125597/domains/cosmictrd.io/public_html/public | PUBLIC_URL_PREFIX: /public
[21-Oct-2025 15:21:45 UTC] Upload config - max_upload: 256M, max_post: 256M, max_execution: 300
[21-Oct-2025 15:21:45 UTC] Resolved PUBLIC_WEBROOT: /home/u966125597/domains/cosmictrd.io/public_html/public | PUBLIC_URL_PREFIX: /public
[21-Oct-2025 15:37:22 UTC] Upload config - max_upload: 256M, max_post: 256M, max_execution: 300
[21-Oct-2025 15:37:22 UTC] Resolved PUBLIC_WEBROOT: /home/u966125597/domains/cosmictrd.io/public_html/public | PUBLIC_URL_PREFIX: /public
[21-Oct-2025 15:43:10 UTC] Upload config - max_upload: 256M, max_post: 256M, max_execution: 300
[21-Oct-2025 15:43:10 UTC] Resolved PUBLIC_WEBROOT: /home/u966125597/domains/cosmictrd.io/public_html/public | PUBLIC_URL_PREFIX: /public
[21-Oct-2025 15:43:36 UTC] Upload config - max_upload: 256M, max_post: 256M, max_execution: 300
[21-Oct-2025 15:43:36 UTC] Resolved PUBLIC_WEBROOT: /home/u966125597/domains/cosmictrd.io/public_html/public | PUBLIC_URL_PREFIX: /public
[21-Oct-2025 15:43:36 UTC] Upload config - max_upload: 256M, max_post: 256M, max_execution: 300
[21-Oct-2025 15:43:36 UTC] Resolved PUBLIC_WEBROOT: /home/u966125597/domains/cosmictrd.io/public_html/public | PUBLIC_URL_PREFIX: /public
[22-Oct-2025 11:57:49 UTC] Upload config - max_upload: 256M, max_post: 256M, max_execution: 300
[22-Oct-2025 11:57:49 UTC] Resolved PUBLIC_WEBROOT: /home/u966125597/domains/cosmictrd.io/public_html/public | PUBLIC_URL_PREFIX: /public
[22-Oct-2025 12:05:23 UTC] Upload config - max_upload: 256M, max_post: 256M, max_execution: 300
[22-Oct-2025 12:05:23 UTC] Resolved PUBLIC_WEBROOT: /home/u966125597/domains/cosmictrd.io/public_html/public | PUBLIC_URL_PREFIX: /public
[22-Oct-2025 12:15:17 UTC] Upload config - max_upload: 256M, max_post: 256M, max_execution: 300
[22-Oct-2025 12:15:17 UTC] Resolved PUBLIC_WEBROOT: /home/u966125597/domains/cosmictrd.io/public_html/public | PUBLIC_URL_PREFIX: /public
[22-Oct-2025 12:16:18 UTC] Upload config - max_upload: 256M, max_post: 256M, max_execution: 300
[22-Oct-2025 12:16:18 UTC] Resolved PUBLIC_WEBROOT: /home/u966125597/domains/cosmictrd.io/public_html/public | PUBLIC_URL_PREFIX: /public
[22-Oct-2025 12:19:49 UTC] Upload config - max_upload: 256M, max_post: 256M, max_execution: 300
[22-Oct-2025 12:19:49 UTC] Resolved PUBLIC_WEBROOT: /home/u966125597/domains/cosmictrd.io/public_html/public | PUBLIC_URL_PREFIX: /public
[22-Oct-2025 12:19:49 UTC] Upload config - max_upload: 256M, max_post: 256M, max_execution: 300
[22-Oct-2025 12:19:49 UTC] Resolved PUBLIC_WEBROOT: /home/u966125597/domains/cosmictrd.io/public_html/public | PUBLIC_URL_PREFIX: /public
[22-Oct-2025 12:20:22 UTC] PHP Warning:  Undefined array key "url" in /home/u966125597/domains/cosmictrd.io/public_html/app/team_supervisor_review.php on line 501
[22-Oct-2025 12:21:05 UTC] PHP Warning:  Undefined array key "url" in /home/u966125597/domains/cosmictrd.io/public_html/app/team_supervisor_review.php on line 501
[22-Oct-2025 12:22:25 UTC] PHP Warning:  Undefined array key "url" in /home/u966125597/domains/cosmictrd.io/public_html/app/team_supervisor_review.php on line 501
[22-Oct-2025 14:23:06 UTC] Upload config - max_upload: 256M, max_post: 256M, max_execution: 300
[22-Oct-2025 14:23:06 UTC] Resolved PUBLIC_WEBROOT: /home/u966125597/domains/cosmictrd.io/public_html/public | PUBLIC_URL_PREFIX: /public
[22-Oct-2025 14:27:27 UTC] Upload config - max_upload: 256M, max_post: 256M, max_execution: 300
[22-Oct-2025 14:27:27 UTC] Resolved PUBLIC_WEBROOT: /home/u966125597/domains/cosmictrd.io/public_html/public | PUBLIC_URL_PREFIX: /public
[22-Oct-2025 14:27:44 UTC] Upload config - max_upload: 256M, max_post: 256M, max_execution: 300
[22-Oct-2025 14:27:44 UTC] Resolved PUBLIC_WEBROOT: /home/u966125597/domains/cosmictrd.io/public_html/public | PUBLIC_URL_PREFIX: /public
[22-Oct-2025 14:27:44 UTC] Upload config - max_upload: 256M, max_post: 256M, max_execution: 300
[22-Oct-2025 14:27:44 UTC] Resolved PUBLIC_WEBROOT: /home/u966125597/domains/cosmictrd.io/public_html/public | PUBLIC_URL_PREFIX: /public
[24-Oct-2025 16:18:36 UTC] Upload config - max_upload: 256M, max_post: 256M, max_execution: 300
[24-Oct-2025 16:18:36 UTC] Resolved PUBLIC_WEBROOT: /home/u966125597/domains/cosmictrd.io/public_html/public | PUBLIC_URL_PREFIX: /public
[24-Oct-2025 16:24:57 UTC] Upload config - max_upload: 256M, max_post: 256M, max_execution: 300
[24-Oct-2025 16:24:57 UTC] Resolved PUBLIC_WEBROOT: /home/u966125597/domains/cosmictrd.io/public_html/public | PUBLIC_URL_PREFIX: /public
[24-Oct-2025 16:25:25 UTC] Upload config - max_upload: 256M, max_post: 256M, max_execution: 300
[24-Oct-2025 16:25:25 UTC] Resolved PUBLIC_WEBROOT: /home/u966125597/domains/cosmictrd.io/public_html/public | PUBLIC_URL_PREFIX: /public
[24-Oct-2025 16:25:25 UTC] Upload config - max_upload: 256M, max_post: 256M, max_execution: 300
[24-Oct-2025 16:25:25 UTC] Resolved PUBLIC_WEBROOT: /home/u966125597/domains/cosmictrd.io/public_html/public | PUBLIC_URL_PREFIX: /public
[24-Oct-2025 16:26:05 UTC] PHP Warning:  Undefined array key "url" in /home/u966125597/domains/cosmictrd.io/public_html/app/team_supervisor_review.php on line 501
[24-Oct-2025 16:26:14 UTC] PHP Warning:  Undefined array key "url" in /home/u966125597/domains/cosmictrd.io/public_html/app/team_supervisor_review.php on line 501
